<?xml version="1.0" encoding="UTF-8"?>
<testng-results ignored="10" total="16" passed="3" failed="3" skipped="0">
  <reporter-output>
    <line>
      <![CDATA[---connect to DB---]]>
    </line>
    <line>
      <![CDATA[Execution Starts From here]]>
    </line>
    <line>
      <![CDATA[testScript----->Failed]]>
    </line>
    <line>
      <![CDATA[---close browser---]]>
    </line>
    <line>
      <![CDATA[Execution Starts From here]]>
    </line>
    <line>
      <![CDATA[script----->Executed Successfully]]>
    </line>
    <line>
      <![CDATA[---close browser---]]>
    </line>
    <line>
      <![CDATA[Execution Starts From here]]>
    </line>
    <line>
      <![CDATA[script----->Executed Successfully]]>
    </line>
    <line>
      <![CDATA[---close browser---]]>
    </line>
    <line>
      <![CDATA[Execution Starts From here]]>
    </line>
    <line>
      <![CDATA[script----->Failed]]>
    </line>
    <line>
      <![CDATA[---close browser---]]>
    </line>
    <line>
      <![CDATA[Execution Starts From here]]>
    </line>
    <line>
      <![CDATA[script----->Failed]]>
    </line>
    <line>
      <![CDATA[---close browser---]]>
    </line>
    <line>
      <![CDATA[Execution Starts From here]]>
    </line>
    <line>
      <![CDATA[script----->Executed Successfully]]>
    </line>
    <line>
      <![CDATA[---close browser---]]>
    </line>
  </reporter-output>
  <suite started-at="2024-04-15T12:47:44 IST" name="Suite" finished-at="2024-04-15T12:57:40 IST" duration-ms="595786">
    <groups>
    </groups>
    <test started-at="2024-04-15T12:47:44 IST" name="Test" finished-at="2024-04-15T12:57:40 IST" duration-ms="595786">
      <class name="Admin.BaseClassLoginAsUsreAndAdminUsingTest">
        <test-method is-config="true" signature="launchBrowser()[pri:0, instance:Admin.BaseClassLoginAsUsreAndAdminUsingTest@7bba5817]" started-at="2024-04-15T12:54:55 IST" name="launchBrowser" finished-at="2024-04-15T12:54:58 IST" duration-ms="2833" status="PASS">
          <reporter-output>
          </reporter-output>
        </test-method> <!-- launchBrowser -->
        <test-method signature="script()[pri:0, instance:Admin.BaseClassLoginAsUsreAndAdminUsingTest@7bba5817]" started-at="2024-04-15T12:54:58 IST" name="script" finished-at="2024-04-15T12:56:18 IST" duration-ms="79718" status="FAIL">
          <exception class="java.lang.AssertionError">
            <message>
              <![CDATA[null]]>
            </message>
            <full-stacktrace>
              <![CDATA[java.lang.AssertionError: null
at org.testng.Assert.fail(Assert.java:110)
at org.testng.Assert.fail(Assert.java:115)
at Admin.BaseClassLoginAsUsreAndAdminUsingTest.script(BaseClassLoginAsUsreAndAdminUsingTest.java:43)
at java.base/jdk.internal.reflect.NativeMethodAccessorImpl.invoke0(Native Method)
at java.base/jdk.internal.reflect.NativeMethodAccessorImpl.invoke(NativeMethodAccessorImpl.java:77)
at java.base/jdk.internal.reflect.DelegatingMethodAccessorImpl.invoke(DelegatingMethodAccessorImpl.java:43)
at java.base/java.lang.reflect.Method.invoke(Method.java:568)
at org.testng.internal.invokers.MethodInvocationHelper.invokeMethod(MethodInvocationHelper.java:139)
at org.testng.internal.invokers.TestInvoker.invokeMethod(TestInvoker.java:677)
at org.testng.internal.invokers.TestInvoker.invokeTestMethod(TestInvoker.java:221)
at org.testng.internal.invokers.MethodRunner.runInSequence(MethodRunner.java:50)
at org.testng.internal.invokers.TestInvoker$MethodInvocationAgent.invoke(TestInvoker.java:969)
at org.testng.internal.invokers.TestInvoker.invokeTestMethods(TestInvoker.java:194)
at org.testng.internal.invokers.TestMethodWorker.invokeTestMethods(TestMethodWorker.java:148)
at org.testng.internal.invokers.TestMethodWorker.run(TestMethodWorker.java:128)
at java.base/java.util.ArrayList.forEach(ArrayList.java:1511)
at org.testng.TestRunner.privateRun(TestRunner.java:829)
at org.testng.TestRunner.run(TestRunner.java:602)
at org.testng.SuiteRunner.runTest(SuiteRunner.java:437)
at org.testng.SuiteRunner$SuiteWorker.run(SuiteRunner.java:475)
at org.testng.internal.thread.ThreadUtil.lambda$execute$0(ThreadUtil.java:58)
at java.base/java.util.concurrent.FutureTask.run(FutureTask.java:264)
at java.base/java.util.concurrent.ThreadPoolExecutor.runWorker(ThreadPoolExecutor.java:1136)
at java.base/java.util.concurrent.ThreadPoolExecutor$Worker.run(ThreadPoolExecutor.java:635)
at java.base/java.lang.Thread.run(Thread.java:833)
]]>
            </full-stacktrace>
          </exception> <!-- java.lang.AssertionError -->
          <reporter-output>
            <line>
              <![CDATA[Execution Starts From here]]>
            </line>
            <line>
              <![CDATA[script----->Failed]]>
            </line>
          </reporter-output>
        </test-method> <!-- script -->
        <test-method is-config="true" signature="closeBrowser()[pri:0, instance:Admin.BaseClassLoginAsUsreAndAdminUsingTest@7bba5817]" started-at="2024-04-15T12:56:18 IST" name="closeBrowser" finished-at="2024-04-15T12:56:18 IST" duration-ms="555" status="PASS">
          <reporter-output>
            <line>
              <![CDATA[---close browser---]]>
            </line>
          </reporter-output>
        </test-method> <!-- closeBrowser -->
      </class> <!-- Admin.BaseClassLoginAsUsreAndAdminUsingTest -->
      <class name="Admin.BaseClassSignupTest">
        <test-method is-config="true" signature="connectToDB()[pri:0, instance:Admin.BaseClassSignupTest@795509d9]" started-at="2024-04-15T12:47:43 IST" name="connectToDB" finished-at="2024-04-15T12:47:44 IST" duration-ms="461" status="PASS">
          <reporter-output>
            <line>
              <![CDATA[---connect to DB---]]>
            </line>
          </reporter-output>
        </test-method> <!-- connectToDB -->
        <test-method is-config="true" signature="launchBrowser()[pri:0, instance:Admin.BaseClassSignupTest@795509d9]" started-at="2024-04-15T12:47:44 IST" name="launchBrowser" finished-at="2024-04-15T12:47:48 IST" duration-ms="3830" status="PASS">
          <reporter-output>
          </reporter-output>
        </test-method> <!-- launchBrowser -->
        <test-method signature="testScript()[pri:0, instance:Admin.BaseClassSignupTest@795509d9]" started-at="2024-04-15T12:47:48 IST" name="testScript" finished-at="2024-04-15T12:48:55 IST" duration-ms="66746" status="FAIL">
          <exception class="org.openqa.selenium.ElementClickInterceptedException">
            <message>
              <![CDATA[element click intercepted: Element <button type="submit" name="submit" class="btn-upper btn btn-primary checkout-page-button" id="submit" disabled="">...</button> is not clickable at point (728, 560). Other element would receive the click: <form class="register-form outer-top-xs" role="form" method="post" name="register" onsubmit="return valid();">...</form>
  (Session info: chrome=123.0.6312.107)
Build info: version: '4.13.0', revision: 'ba948ece5b*'
System info: os.name: 'Windows 10', os.arch: 'amd64', os.version: '10.0', java.version: '17.0.7'
Driver info: org.openqa.selenium.chrome.ChromeDriver
Command: [ebb309fb0ac9592b16410d093a261bf4, clickElement {id=f.52CD04A07C222BCD931B3394235C5905.d.5AD38BEEFE0C375A2682E4AEED98ED3D.e.51}]
Capabilities {acceptInsecureCerts: false, browserName: chrome, browserVersion: 123.0.6312.107, chrome: {chromedriverVersion: 123.0.6312.86 (9b72c47a0536..., userDataDir: C:\Users\HP\AppData\Local\T...}, fedcm:accounts: true, goog:chromeOptions: {debuggerAddress: localhost:62331}, networkConnectionEnabled: false, pageLoadStrategy: normal, platformName: windows, proxy: Proxy(), se:cdp: ws://localhost:62331/devtoo..., se:cdpVersion: 123.0.6312.107, setWindowRect: true, strictFileInteractability: false, timeouts: {implicit: 0, pageLoad: 300000, script: 30000}, unhandledPromptBehavior: dismiss and notify, webauthn:extension:credBlob: true, webauthn:extension:largeBlob: true, webauthn:extension:minPinLength: true, webauthn:extension:prf: true, webauthn:virtualAuthenticators: true}
Element: [[ChromeDriver: chrome on windows (ebb309fb0ac9592b16410d093a261bf4)] -> id: submit]
Session ID: ebb309fb0ac9592b16410d093a261bf4]]>
            </message>
            <full-stacktrace>
              <![CDATA[org.openqa.selenium.ElementClickInterceptedException: element click intercepted: Element <button type="submit" name="submit" class="btn-upper btn btn-primary checkout-page-button" id="submit" disabled="">...</button> is not clickable at point (728, 560). Other element would receive the click: <form class="register-form outer-top-xs" role="form" method="post" name="register" onsubmit="return valid();">...</form>
  (Session info: chrome=123.0.6312.107)
Build info: version: '4.13.0', revision: 'ba948ece5b*'
System info: os.name: 'Windows 10', os.arch: 'amd64', os.version: '10.0', java.version: '17.0.7'
Driver info: org.openqa.selenium.chrome.ChromeDriver
Command: [ebb309fb0ac9592b16410d093a261bf4, clickElement {id=f.52CD04A07C222BCD931B3394235C5905.d.5AD38BEEFE0C375A2682E4AEED98ED3D.e.51}]
Capabilities {acceptInsecureCerts: false, browserName: chrome, browserVersion: 123.0.6312.107, chrome: {chromedriverVersion: 123.0.6312.86 (9b72c47a0536..., userDataDir: C:\Users\HP\AppData\Local\T...}, fedcm:accounts: true, goog:chromeOptions: {debuggerAddress: localhost:62331}, networkConnectionEnabled: false, pageLoadStrategy: normal, platformName: windows, proxy: Proxy(), se:cdp: ws://localhost:62331/devtoo..., se:cdpVersion: 123.0.6312.107, setWindowRect: true, strictFileInteractability: false, timeouts: {implicit: 0, pageLoad: 300000, script: 30000}, unhandledPromptBehavior: dismiss and notify, webauthn:extension:credBlob: true, webauthn:extension:largeBlob: true, webauthn:extension:minPinLength: true, webauthn:extension:prf: true, webauthn:virtualAuthenticators: true}
Element: [[ChromeDriver: chrome on windows (ebb309fb0ac9592b16410d093a261bf4)] -> id: submit]
Session ID: ebb309fb0ac9592b16410d093a261bf4
at java.base/jdk.internal.reflect.NativeConstructorAccessorImpl.newInstance0(Native Method)
at java.base/jdk.internal.reflect.NativeConstructorAccessorImpl.newInstance(NativeConstructorAccessorImpl.java:77)
at java.base/jdk.internal.reflect.DelegatingConstructorAccessorImpl.newInstance(DelegatingConstructorAccessorImpl.java:45)
at java.base/java.lang.reflect.Constructor.newInstanceWithCaller(Constructor.java:499)
at java.base/java.lang.reflect.Constructor.newInstance(Constructor.java:480)
at org.openqa.selenium.remote.codec.w3c.W3CHttpResponseCodec.createException(W3CHttpResponseCodec.java:200)
at org.openqa.selenium.remote.codec.w3c.W3CHttpResponseCodec.decode(W3CHttpResponseCodec.java:133)
at org.openqa.selenium.remote.codec.w3c.W3CHttpResponseCodec.decode(W3CHttpResponseCodec.java:52)
at org.openqa.selenium.remote.HttpCommandExecutor.execute(HttpCommandExecutor.java:191)
at org.openqa.selenium.remote.service.DriverCommandExecutor.invokeExecute(DriverCommandExecutor.java:196)
at org.openqa.selenium.remote.service.DriverCommandExecutor.execute(DriverCommandExecutor.java:171)
at org.openqa.selenium.remote.RemoteWebDriver.execute(RemoteWebDriver.java:602)
at org.openqa.selenium.remote.RemoteWebElement.execute(RemoteWebElement.java:224)
at org.openqa.selenium.remote.RemoteWebElement.click(RemoteWebElement.java:77)
at java.base/jdk.internal.reflect.NativeMethodAccessorImpl.invoke0(Native Method)
at java.base/jdk.internal.reflect.NativeMethodAccessorImpl.invoke(NativeMethodAccessorImpl.java:77)
at java.base/jdk.internal.reflect.DelegatingMethodAccessorImpl.invoke(DelegatingMethodAccessorImpl.java:43)
at java.base/java.lang.reflect.Method.invoke(Method.java:568)
at org.openqa.selenium.support.pagefactory.internal.LocatingElementHandler.invoke(LocatingElementHandler.java:51)
at jdk.proxy2/jdk.proxy2.$Proxy19.click(Unknown Source)
at com.EasyWhiz.ObjectRepsitory.UserLonginPage.SignupAs(UserLonginPage.java:100)
at Admin.BaseClassSignupTest.testScript(BaseClassSignupTest.java:37)
at java.base/jdk.internal.reflect.NativeMethodAccessorImpl.invoke0(Native Method)
at java.base/jdk.internal.reflect.NativeMethodAccessorImpl.invoke(NativeMethodAccessorImpl.java:77)
at java.base/jdk.internal.reflect.DelegatingMethodAccessorImpl.invoke(DelegatingMethodAccessorImpl.java:43)
at java.base/java.lang.reflect.Method.invoke(Method.java:568)
at org.testng.internal.invokers.MethodInvocationHelper.invokeMethod(MethodInvocationHelper.java:139)
at org.testng.internal.invokers.TestInvoker.invokeMethod(TestInvoker.java:677)
at org.testng.internal.invokers.TestInvoker.invokeTestMethod(TestInvoker.java:221)
at org.testng.internal.invokers.MethodRunner.runInSequence(MethodRunner.java:50)
at org.testng.internal.invokers.TestInvoker$MethodInvocationAgent.invoke(TestInvoker.java:969)
at org.testng.internal.invokers.TestInvoker.invokeTestMethods(TestInvoker.java:194)
at org.testng.internal.invokers.TestMethodWorker.invokeTestMethods(TestMethodWorker.java:148)
at org.testng.internal.invokers.TestMethodWorker.run(TestMethodWorker.java:128)
at java.base/java.util.ArrayList.forEach(ArrayList.java:1511)
at org.testng.TestRunner.privateRun(TestRunner.java:829)
at org.testng.TestRunner.run(TestRunner.java:602)
at org.testng.SuiteRunner.runTest(SuiteRunner.java:437)
at org.testng.SuiteRunner$SuiteWorker.run(SuiteRunner.java:475)
at org.testng.internal.thread.ThreadUtil.lambda$execute$0(ThreadUtil.java:58)
at java.base/java.util.concurrent.FutureTask.run(FutureTask.java:264)
at java.base/java.util.concurrent.ThreadPoolExecutor.runWorker(ThreadPoolExecutor.java:1136)
at java.base/java.util.concurrent.ThreadPoolExecutor$Worker.run(ThreadPoolExecutor.java:635)
at java.base/java.lang.Thread.run(Thread.java:833)
]]>
            </full-stacktrace>
          </exception> <!-- org.openqa.selenium.ElementClickInterceptedException -->
          <reporter-output>
            <line>
              <![CDATA[Execution Starts From here]]>
            </line>
            <line>
              <![CDATA[testScript----->Failed]]>
            </line>
          </reporter-output>
        </test-method> <!-- testScript -->
        <test-method is-config="true" signature="closeBrowser()[pri:0, instance:Admin.BaseClassSignupTest@795509d9]" started-at="2024-04-15T12:48:55 IST" name="closeBrowser" finished-at="2024-04-15T12:48:56 IST" duration-ms="742" status="PASS">
          <reporter-output>
            <line>
              <![CDATA[---close browser---]]>
            </line>
          </reporter-output>
        </test-method> <!-- closeBrowser -->
        <test-method is-config="true" signature="closeDB()[pri:0, instance:Admin.BaseClassSignupTest@795509d9]" started-at="2024-04-15T12:57:40 IST" name="closeDB" finished-at="2024-04-15T12:57:40 IST" duration-ms="1" status="FAIL">
          <exception class="java.lang.NullPointerException">
            <message>
              <![CDATA[Cannot invoke "java.sql.Connection.close()" because "this.con" is null]]>
            </message>
            <full-stacktrace>
              <![CDATA[java.lang.NullPointerException: Cannot invoke "java.sql.Connection.close()" because "this.con" is null
at com.GenericUtilities.DatabaseUtility.closeDB(DatabaseUtility.java:68)
at com.GenericUtilities.BaseClass.closeDB(BaseClass.java:69)
at java.base/jdk.internal.reflect.NativeMethodAccessorImpl.invoke0(Native Method)
at java.base/jdk.internal.reflect.NativeMethodAccessorImpl.invoke(NativeMethodAccessorImpl.java:77)
at java.base/jdk.internal.reflect.DelegatingMethodAccessorImpl.invoke(DelegatingMethodAccessorImpl.java:43)
at java.base/java.lang.reflect.Method.invoke(Method.java:568)
at org.testng.internal.invokers.MethodInvocationHelper.invokeMethod(MethodInvocationHelper.java:139)
at org.testng.internal.invokers.MethodInvocationHelper.invokeMethodConsideringTimeout(MethodInvocationHelper.java:69)
at org.testng.internal.invokers.ConfigInvoker.invokeConfigurationMethod(ConfigInvoker.java:361)
at org.testng.internal.invokers.ConfigInvoker.invokeConfigurations(ConfigInvoker.java:296)
at org.testng.SuiteRunner.privateRun(SuiteRunner.java:404)
at org.testng.SuiteRunner.run(SuiteRunner.java:330)
at org.testng.SuiteRunnerWorker.runSuite(SuiteRunnerWorker.java:52)
at org.testng.SuiteRunnerWorker.run(SuiteRunnerWorker.java:95)
at org.testng.TestNG.runSuitesSequentially(TestNG.java:1256)
at org.testng.TestNG.runSuitesLocally(TestNG.java:1176)
at org.testng.TestNG.runSuites(TestNG.java:1099)
at org.testng.TestNG.run(TestNG.java:1067)
at org.testng.remote.AbstractRemoteTestNG.run(AbstractRemoteTestNG.java:115)
at org.testng.remote.RemoteTestNG.initAndRun(RemoteTestNG.java:251)
at org.testng.remote.RemoteTestNG.main(RemoteTestNG.java:77)
]]>
            </full-stacktrace>
          </exception> <!-- java.lang.NullPointerException -->
          <reporter-output>
          </reporter-output>
        </test-method> <!-- closeDB -->
      </class> <!-- Admin.BaseClassSignupTest -->
      <class name="User.BaseClassOrderProductCheckinOMTest">
        <test-method is-config="true" signature="launchBrowser()[pri:0, instance:User.BaseClassOrderProductCheckinOMTest@cb0755b]" started-at="2024-04-15T12:48:56 IST" name="launchBrowser" finished-at="2024-04-15T12:48:59 IST" duration-ms="3426" status="PASS">
          <reporter-output>
          </reporter-output>
        </test-method> <!-- launchBrowser -->
        <test-method signature="script()[pri:0, instance:User.BaseClassOrderProductCheckinOMTest@cb0755b]" started-at="2024-04-15T12:48:59 IST" name="script" finished-at="2024-04-15T12:51:14 IST" duration-ms="134940" status="PASS">
          <reporter-output>
            <line>
              <![CDATA[Execution Starts From here]]>
            </line>
            <line>
              <![CDATA[script----->Executed Successfully]]>
            </line>
          </reporter-output>
        </test-method> <!-- script -->
        <test-method is-config="true" signature="closeBrowser()[pri:0, instance:User.BaseClassOrderProductCheckinOMTest@cb0755b]" started-at="2024-04-15T12:51:14 IST" name="closeBrowser" finished-at="2024-04-15T12:51:15 IST" duration-ms="786" status="PASS">
          <reporter-output>
            <line>
              <![CDATA[---close browser---]]>
            </line>
          </reporter-output>
        </test-method> <!-- closeBrowser -->
      </class> <!-- User.BaseClassOrderProductCheckinOMTest -->
      <class name="User.BaseClassInsertAndOrderSameproTest">
        <test-method is-config="true" signature="launchBrowser()[pri:0, instance:User.BaseClassInsertAndOrderSameproTest@712625fd]" started-at="2024-04-15T12:52:08 IST" name="launchBrowser" finished-at="2024-04-15T12:52:10 IST" duration-ms="2242" status="PASS">
          <reporter-output>
          </reporter-output>
        </test-method> <!-- launchBrowser -->
        <test-method signature="script()[pri:0, instance:User.BaseClassInsertAndOrderSameproTest@712625fd]" started-at="2024-04-15T12:52:10 IST" name="script" finished-at="2024-04-15T12:54:54 IST" duration-ms="164528" status="FAIL">
          <exception class="org.openqa.selenium.TimeoutException">
            <message>
              <![CDATA[timeout: Timed out receiving message from renderer: 20.000
  (Session info: chrome=123.0.6312.107)
Build info: version: '4.13.0', revision: 'ba948ece5b*'
System info: os.name: 'Windows 10', os.arch: 'amd64', os.version: '10.0', java.version: '17.0.7'
Driver info: org.openqa.selenium.chrome.ChromeDriver
Command: [40cd7ae4f577aefd9cf2262f4d928c7c, findElement {using=xpath, value=//input[@class='search-field']}]
Capabilities {acceptInsecureCerts: false, browserName: chrome, browserVersion: 123.0.6312.107, chrome: {chromedriverVersion: 123.0.6312.86 (9b72c47a0536..., userDataDir: C:\Users\HP\AppData\Local\T...}, fedcm:accounts: true, goog:chromeOptions: {debuggerAddress: localhost:62703}, networkConnectionEnabled: false, pageLoadStrategy: normal, platformName: windows, proxy: Proxy(), se:cdp: ws://localhost:62703/devtoo..., se:cdpVersion: 123.0.6312.107, setWindowRect: true, strictFileInteractability: false, timeouts: {implicit: 0, pageLoad: 300000, script: 30000}, unhandledPromptBehavior: dismiss and notify, webauthn:extension:credBlob: true, webauthn:extension:largeBlob: true, webauthn:extension:minPinLength: true, webauthn:extension:prf: true, webauthn:virtualAuthenticators: true}
Session ID: 40cd7ae4f577aefd9cf2262f4d928c7c]]>
            </message>
            <full-stacktrace>
              <![CDATA[org.openqa.selenium.TimeoutException: timeout: Timed out receiving message from renderer: 20.000
  (Session info: chrome=123.0.6312.107)
Build info: version: '4.13.0', revision: 'ba948ece5b*'
System info: os.name: 'Windows 10', os.arch: 'amd64', os.version: '10.0', java.version: '17.0.7'
Driver info: org.openqa.selenium.chrome.ChromeDriver
Command: [40cd7ae4f577aefd9cf2262f4d928c7c, findElement {using=xpath, value=//input[@class='search-field']}]
Capabilities {acceptInsecureCerts: false, browserName: chrome, browserVersion: 123.0.6312.107, chrome: {chromedriverVersion: 123.0.6312.86 (9b72c47a0536..., userDataDir: C:\Users\HP\AppData\Local\T...}, fedcm:accounts: true, goog:chromeOptions: {debuggerAddress: localhost:62703}, networkConnectionEnabled: false, pageLoadStrategy: normal, platformName: windows, proxy: Proxy(), se:cdp: ws://localhost:62703/devtoo..., se:cdpVersion: 123.0.6312.107, setWindowRect: true, strictFileInteractability: false, timeouts: {implicit: 0, pageLoad: 300000, script: 30000}, unhandledPromptBehavior: dismiss and notify, webauthn:extension:credBlob: true, webauthn:extension:largeBlob: true, webauthn:extension:minPinLength: true, webauthn:extension:prf: true, webauthn:virtualAuthenticators: true}
Session ID: 40cd7ae4f577aefd9cf2262f4d928c7c
at java.base/jdk.internal.reflect.NativeConstructorAccessorImpl.newInstance0(Native Method)
at java.base/jdk.internal.reflect.NativeConstructorAccessorImpl.newInstance(NativeConstructorAccessorImpl.java:77)
at java.base/jdk.internal.reflect.DelegatingConstructorAccessorImpl.newInstance(DelegatingConstructorAccessorImpl.java:45)
at java.base/java.lang.reflect.Constructor.newInstanceWithCaller(Constructor.java:499)
at java.base/java.lang.reflect.Constructor.newInstance(Constructor.java:480)
at org.openqa.selenium.remote.codec.w3c.W3CHttpResponseCodec.createException(W3CHttpResponseCodec.java:200)
at org.openqa.selenium.remote.codec.w3c.W3CHttpResponseCodec.decode(W3CHttpResponseCodec.java:133)
at org.openqa.selenium.remote.codec.w3c.W3CHttpResponseCodec.decode(W3CHttpResponseCodec.java:52)
at org.openqa.selenium.remote.HttpCommandExecutor.execute(HttpCommandExecutor.java:191)
at org.openqa.selenium.remote.service.DriverCommandExecutor.invokeExecute(DriverCommandExecutor.java:196)
at org.openqa.selenium.remote.service.DriverCommandExecutor.execute(DriverCommandExecutor.java:171)
at org.openqa.selenium.remote.RemoteWebDriver.execute(RemoteWebDriver.java:602)
at org.openqa.selenium.remote.ElementLocation$ElementFinder$2.findElement(ElementLocation.java:165)
at org.openqa.selenium.remote.ElementLocation.findElement(ElementLocation.java:59)
at org.openqa.selenium.remote.RemoteWebDriver.findElement(RemoteWebDriver.java:359)
at org.openqa.selenium.remote.RemoteWebDriver.findElement(RemoteWebDriver.java:353)
at org.openqa.selenium.support.pagefactory.DefaultElementLocator.findElement(DefaultElementLocator.java:68)
at org.openqa.selenium.support.pagefactory.internal.LocatingElementHandler.invoke(LocatingElementHandler.java:38)
at jdk.proxy2/jdk.proxy2.$Proxy19.sendKeys(Unknown Source)
at com.EasyWhiz.ObjectRepsitory.UserHomePage.SearchProduct(UserHomePage.java:108)
at User.BaseClassInsertAndOrderSameproTest.script(BaseClassInsertAndOrderSameproTest.java:103)
at java.base/jdk.internal.reflect.NativeMethodAccessorImpl.invoke0(Native Method)
at java.base/jdk.internal.reflect.NativeMethodAccessorImpl.invoke(NativeMethodAccessorImpl.java:77)
at java.base/jdk.internal.reflect.DelegatingMethodAccessorImpl.invoke(DelegatingMethodAccessorImpl.java:43)
at java.base/java.lang.reflect.Method.invoke(Method.java:568)
at org.testng.internal.invokers.MethodInvocationHelper.invokeMethod(MethodInvocationHelper.java:139)
at org.testng.internal.invokers.TestInvoker.invokeMethod(TestInvoker.java:677)
at org.testng.internal.invokers.TestInvoker.invokeTestMethod(TestInvoker.java:221)
at org.testng.internal.invokers.MethodRunner.runInSequence(MethodRunner.java:50)
at org.testng.internal.invokers.TestInvoker$MethodInvocationAgent.invoke(TestInvoker.java:969)
at org.testng.internal.invokers.TestInvoker.invokeTestMethods(TestInvoker.java:194)
at org.testng.internal.invokers.TestMethodWorker.invokeTestMethods(TestMethodWorker.java:148)
at org.testng.internal.invokers.TestMethodWorker.run(TestMethodWorker.java:128)
at java.base/java.util.ArrayList.forEach(ArrayList.java:1511)
at org.testng.TestRunner.privateRun(TestRunner.java:829)
at org.testng.TestRunner.run(TestRunner.java:602)
at org.testng.SuiteRunner.runTest(SuiteRunner.java:437)
at org.testng.SuiteRunner$SuiteWorker.run(SuiteRunner.java:475)
at org.testng.internal.thread.ThreadUtil.lambda$execute$0(ThreadUtil.java:58)
at java.base/java.util.concurrent.FutureTask.run(FutureTask.java:264)
at java.base/java.util.concurrent.ThreadPoolExecutor.runWorker(ThreadPoolExecutor.java:1136)
at java.base/java.util.concurrent.ThreadPoolExecutor$Worker.run(ThreadPoolExecutor.java:635)
at java.base/java.lang.Thread.run(Thread.java:833)
]]>
            </full-stacktrace>
          </exception> <!-- org.openqa.selenium.TimeoutException -->
          <reporter-output>
            <line>
              <![CDATA[Execution Starts From here]]>
            </line>
            <line>
              <![CDATA[script----->Failed]]>
            </line>
          </reporter-output>
        </test-method> <!-- script -->
        <test-method is-config="true" signature="closeBrowser()[pri:0, instance:User.BaseClassInsertAndOrderSameproTest@712625fd]" started-at="2024-04-15T12:54:55 IST" name="closeBrowser" finished-at="2024-04-15T12:54:55 IST" duration-ms="475" status="PASS">
          <reporter-output>
            <line>
              <![CDATA[---close browser---]]>
            </line>
          </reporter-output>
        </test-method> <!-- closeBrowser -->
      </class> <!-- User.BaseClassInsertAndOrderSameproTest -->
      <class name="Admin.BaseClassManageproductTest">
        <test-method is-config="true" signature="launchBrowser()[pri:0, instance:Admin.BaseClassManageproductTest@33065d67]" started-at="2024-04-15T12:51:15 IST" name="launchBrowser" finished-at="2024-04-15T12:51:18 IST" duration-ms="2992" status="PASS">
          <reporter-output>
          </reporter-output>
        </test-method> <!-- launchBrowser -->
        <test-method signature="script()[pri:0, instance:Admin.BaseClassManageproductTest@33065d67]" started-at="2024-04-15T12:51:18 IST" name="script" finished-at="2024-04-15T12:52:07 IST" duration-ms="49374" status="PASS">
          <reporter-output>
            <line>
              <![CDATA[Execution Starts From here]]>
            </line>
            <line>
              <![CDATA[script----->Executed Successfully]]>
            </line>
          </reporter-output>
        </test-method> <!-- script -->
        <test-method is-config="true" signature="closeBrowser()[pri:0, instance:Admin.BaseClassManageproductTest@33065d67]" started-at="2024-04-15T12:52:07 IST" name="closeBrowser" finished-at="2024-04-15T12:52:08 IST" duration-ms="312" status="PASS">
          <reporter-output>
            <line>
              <![CDATA[---close browser---]]>
            </line>
          </reporter-output>
        </test-method> <!-- closeBrowser -->
      </class> <!-- Admin.BaseClassManageproductTest -->
      <class name="User.BaseClassShippingTest">
        <test-method is-config="true" signature="launchBrowser()[pri:0, instance:User.BaseClassShippingTest@742ff096]" started-at="2024-04-15T12:56:18 IST" name="launchBrowser" finished-at="2024-04-15T12:56:20 IST" duration-ms="1915" status="PASS">
          <reporter-output>
          </reporter-output>
        </test-method> <!-- launchBrowser -->
        <test-method signature="script()[pri:0, instance:User.BaseClassShippingTest@742ff096]" started-at="2024-04-15T12:56:20 IST" name="script" finished-at="2024-04-15T12:57:39 IST" duration-ms="78846" status="PASS">
          <reporter-output>
            <line>
              <![CDATA[Execution Starts From here]]>
            </line>
            <line>
              <![CDATA[script----->Executed Successfully]]>
            </line>
          </reporter-output>
        </test-method> <!-- script -->
        <test-method is-config="true" signature="closeBrowser()[pri:0, instance:User.BaseClassShippingTest@742ff096]" started-at="2024-04-15T12:57:39 IST" name="closeBrowser" finished-at="2024-04-15T12:57:40 IST" duration-ms="458" status="PASS">
          <reporter-output>
            <line>
              <![CDATA[---close browser---]]>
            </line>
          </reporter-output>
        </test-method> <!-- closeBrowser -->
      </class> <!-- User.BaseClassShippingTest -->
    </test> <!-- Test -->
  </suite> <!-- Suite -->
</testng-results>
